2025-06-19 09:08:27,230 [INFO] Setting up ChromeDriver...
2025-06-19 09:08:27,230 [INFO] ====== WebDriver manager ======
2025-06-19 09:08:27,394 [INFO] Get LATEST chromedriver version for google-chrome
2025-06-19 09:08:27,956 [INFO] Get LATEST chromedriver version for google-chrome
2025-06-19 09:08:28,415 [INFO] Driver [/Users/oyincode/.wdm/drivers/chromedriver/mac64/137.0.7151.119/chromedriver-mac-arm64/THIRD_PARTY_NOTICES.chromedriver] found in cache
2025-06-19 09:08:28,416 [INFO] WebDriver Manager initially found driver at: /Users/oyincode/.wdm/drivers/chromedriver/mac64/137.0.7151.119/chromedriver-mac-arm64/THIRD_PARTY_NOTICES.chromedriver
2025-06-19 09:08:28,416 [WARNING] Incorrect driver path detected. Correcting path to: /Users/oyincode/.wdm/drivers/chromedriver/mac64/137.0.7151.119/chromedriver-mac-arm64/chromedriver
2025-06-19 09:08:28,416 [INFO] Setting executable permissions for: /Users/oyincode/.wdm/drivers/chromedriver/mac64/137.0.7151.119/chromedriver-mac-arm64/chromedriver
2025-06-19 09:08:29,941 [INFO] ChromeDriver and WebDriver initialized successfully.
2025-06-19 09:08:29,941 [INFO] Running in 'specific' mode for location 'miami' and term 'iphone 13'.
2025-06-19 09:08:29,941 [INFO] Scraping for listings newer than: 1 day
2025-06-19 09:08:29,941 [INFO] Navigating to URL for search term 'iphone 13' in 'miami': https://www.facebook.com/marketplace/miami/search/?query=iphone%2013&sortBy=creation_time_descend&deliveryMethod=local_only
2025-06-19 09:08:34,891 [INFO] Attempting to close dialog by clicking its 'X' button.
2025-06-19 09:08:35,909 [INFO] Scrolling to load listings...
2025-06-19 09:08:41,972 [INFO] Found and hid the persistent login popup overlay.
2025-06-19 09:08:44,987 [INFO] Found and hid the persistent login popup overlay.
2025-06-19 09:08:45,002 [INFO] Found 45 potential listings for 'iphone 13'. Starting processing...
2025-06-19 09:08:45,030 [INFO] Clicking on listing 'iPhone 13 Pro Max unlocked 5S36 in Pompano Beach, FL' to open detail view.
2025-06-19 09:08:46,107 [ERROR] Error processing listing 'iPhone 13 Pro Max unlocked 5S36 in Pompano Beach, FL': Message: element click intercepted: Element <a class="x1i10hfl xjbqb8w x1ejq31n x18oe1m7 x1sy0etr xstzfhl x972fbf x10w94by x1qhh985 x14e42zd x9f619 x1ypdohk xt0psk2 xe8uvvx xdj266r x14z9mp xat24cr x1lziwak xexx8yu xyri2b x18d9i69 x1c1uobl x16tdsg8 x1hl2dhg xggy1nq x1a2a7pz x1heor9g xkrqix3 x1sur9pj x1s688f x1lku1pv" href="/marketplace/item/2068786360275552/?ref=search&amp;referral_code=null&amp;referral_story_type=post&amp;__tn__=!%3AD" role="link" tabindex="0">...</a> is not clickable at point (525, 176). Other element would receive the click: <div class="__fb-light-mode x1qjc9v5 x9f619 x78zum5 xdt5ytf xl56j7k x1c4vz4f xg6iff7">...</div>
  (Session info: chrome=137.0.7151.105)
Stacktrace:
0   chromedriver                        0x0000000105241d14 cxxbridge1$str$ptr + 2735276
1   chromedriver                        0x0000000105239f88 cxxbridge1$str$ptr + 2703136
2   chromedriver                        0x0000000104d8a6f0 cxxbridge1$string$len + 90424
3   chromedriver                        0x0000000104dd7544 cxxbridge1$string$len + 405388
4   chromedriver                        0x0000000104dd5ab0 cxxbridge1$string$len + 398584
5   chromedriver                        0x0000000104dd38c4 cxxbridge1$string$len + 389900
6   chromedriver                        0x0000000104dd2cc0 cxxbridge1$string$len + 386824
7   chromedriver                        0x0000000104dc7728 cxxbridge1$string$len + 340336
8   chromedriver                        0x0000000104dc71b4 cxxbridge1$string$len + 338940
9   chromedriver                        0x0000000104e130c8 cxxbridge1$string$len + 650000
10  chromedriver                        0x0000000104dc5be8 cxxbridge1$string$len + 333360
11  chromedriver                        0x0000000105205598 cxxbridge1$str$ptr + 2487600
12  chromedriver                        0x0000000105208830 cxxbridge1$str$ptr + 2500552
13  chromedriver                        0x00000001051e5c14 cxxbridge1$str$ptr + 2358188
14  chromedriver                        0x00000001052090b8 cxxbridge1$str$ptr + 2502736
15  chromedriver                        0x00000001051d6dec cxxbridge1$str$ptr + 2297220
16  chromedriver                        0x0000000105229420 cxxbridge1$str$ptr + 2634680
17  chromedriver                        0x00000001052295ac cxxbridge1$str$ptr + 2635076
18  chromedriver                        0x0000000105239bd4 cxxbridge1$str$ptr + 2702188
19  libsystem_pthread.dylib             0x0000000185f92034 _pthread_start + 136
20  libsystem_pthread.dylib             0x0000000185f8ce3c thread_start + 8
Traceback (most recent call last):
  File "/Users/oyincode/Desktop/fb_marketplace_scraper/scraper.py", line 438, in scrape_marketplace
    listing_element.click()
  File "/Users/oyincode/Desktop/fb_marketplace_scraper/scraper/lib/python3.11/site-packages/selenium/webdriver/remote/webelement.py", line 93, in click
    self._execute(Command.CLICK_ELEMENT)
  File "/Users/oyincode/Desktop/fb_marketplace_scraper/scraper/lib/python3.11/site-packages/selenium/webdriver/remote/webelement.py", line 394, in _execute
    return self._parent.execute(command, params)
           ^^^^^^^^^^^^^^^^^^^^^^^^^^^^^^^^^^^^^
  File "/Users/oyincode/Desktop/fb_marketplace_scraper/scraper/lib/python3.11/site-packages/selenium/webdriver/remote/webdriver.py", line 347, in execute
    self.error_handler.check_response(response)
  File "/Users/oyincode/Desktop/fb_marketplace_scraper/scraper/lib/python3.11/site-packages/selenium/webdriver/remote/errorhandler.py", line 229, in check_response
    raise exception_class(message, screen, stacktrace)
selenium.common.exceptions.ElementClickInterceptedException: Message: element click intercepted: Element <a class="x1i10hfl xjbqb8w x1ejq31n x18oe1m7 x1sy0etr xstzfhl x972fbf x10w94by x1qhh985 x14e42zd x9f619 x1ypdohk xt0psk2 xe8uvvx xdj266r x14z9mp xat24cr x1lziwak xexx8yu xyri2b x18d9i69 x1c1uobl x16tdsg8 x1hl2dhg xggy1nq x1a2a7pz x1heor9g xkrqix3 x1sur9pj x1s688f x1lku1pv" href="/marketplace/item/2068786360275552/?ref=search&amp;referral_code=null&amp;referral_story_type=post&amp;__tn__=!%3AD" role="link" tabindex="0">...</a> is not clickable at point (525, 176). Other element would receive the click: <div class="__fb-light-mode x1qjc9v5 x9f619 x78zum5 xdt5ytf xl56j7k x1c4vz4f xg6iff7">...</div>
  (Session info: chrome=137.0.7151.105)
Stacktrace:
0   chromedriver                        0x0000000105241d14 cxxbridge1$str$ptr + 2735276
1   chromedriver                        0x0000000105239f88 cxxbridge1$str$ptr + 2703136
2   chromedriver                        0x0000000104d8a6f0 cxxbridge1$string$len + 90424
3   chromedriver                        0x0000000104dd7544 cxxbridge1$string$len + 405388
4   chromedriver                        0x0000000104dd5ab0 cxxbridge1$string$len + 398584
5   chromedriver                        0x0000000104dd38c4 cxxbridge1$string$len + 389900
6   chromedriver                        0x0000000104dd2cc0 cxxbridge1$string$len + 386824
7   chromedriver                        0x0000000104dc7728 cxxbridge1$string$len + 340336
8   chromedriver                        0x0000000104dc71b4 cxxbridge1$string$len + 338940
9   chromedriver                        0x0000000104e130c8 cxxbridge1$string$len + 650000
10  chromedriver                        0x0000000104dc5be8 cxxbridge1$string$len + 333360
11  chromedriver                        0x0000000105205598 cxxbridge1$str$ptr + 2487600
12  chromedriver                        0x0000000105208830 cxxbridge1$str$ptr + 2500552
13  chromedriver                        0x00000001051e5c14 cxxbridge1$str$ptr + 2358188
14  chromedriver                        0x00000001052090b8 cxxbridge1$str$ptr + 2502736
15  chromedriver                        0x00000001051d6dec cxxbridge1$str$ptr + 2297220
16  chromedriver                        0x0000000105229420 cxxbridge1$str$ptr + 2634680
17  chromedriver                        0x00000001052295ac cxxbridge1$str$ptr + 2635076
18  chromedriver                        0x0000000105239bd4 cxxbridge1$str$ptr + 2702188
19  libsystem_pthread.dylib             0x0000000185f92034 _pthread_start + 136
20  libsystem_pthread.dylib             0x0000000185f8ce3c thread_start + 8

2025-06-19 09:08:51,249 [WARNING] 'X' button not found or not clickable in time.
2025-06-19 09:08:51,261 [INFO] Found 'offline' overlay. Removing it completely from DOM.
2025-06-19 09:08:53,008 [INFO] Clicking on listing 'iphone 13 pro max unlocked 256GB M1K3 in Boca Raton, FL' to open detail view.
2025-06-19 09:08:55,169 [INFO] ✅ Found valid new listing: 'iphone 13 pro max unlocked 256GB M1K3 in Boca Raton, FL'
2025-06-19 09:08:55,204 [ERROR] Error processing listing 'iphone 13 pro max unlocked 256GB M1K3 in Boca Raton, FL': dict contains fields not in fieldnames: 'image_urls'
Traceback (most recent call last):
  File "/Users/oyincode/Desktop/fb_marketplace_scraper/scraper.py", line 475, in scrape_marketplace
    save_listing_to_csv(output_file, listing_data)
  File "/Users/oyincode/Desktop/fb_marketplace_scraper/scraper.py", line 229, in save_listing_to_csv
    writer.writerow(listing_data)
  File "/Library/Frameworks/Python.framework/Versions/3.11/lib/python3.11/csv.py", line 154, in writerow
    return self.writer.writerow(self._dict_to_list(rowdict))
                                ^^^^^^^^^^^^^^^^^^^^^^^^^^^
  File "/Library/Frameworks/Python.framework/Versions/3.11/lib/python3.11/csv.py", line 149, in _dict_to_list
    raise ValueError("dict contains fields not in fieldnames: "
ValueError: dict contains fields not in fieldnames: 'image_urls'
2025-06-19 09:08:58,337 [INFO] Attempting to close overlay by clicking the generic 'X' button.
2025-06-19 09:09:01,364 [INFO] Clicking on listing 'iPhone 13 Pro Max 128g UNLOCKED R3OA in Plantation, FL' to open detail view.
2025-06-19 09:09:02,953 [INFO] ✅ Found valid new listing: 'iPhone 13 Pro Max 128g UNLOCKED R3OA in Plantation, FL'
2025-06-19 09:09:02,978 [ERROR] Error processing listing 'iPhone 13 Pro Max 128g UNLOCKED R3OA in Plantation, FL': dict contains fields not in fieldnames: 'image_urls'
Traceback (most recent call last):
  File "/Users/oyincode/Desktop/fb_marketplace_scraper/scraper.py", line 475, in scrape_marketplace
    save_listing_to_csv(output_file, listing_data)
  File "/Users/oyincode/Desktop/fb_marketplace_scraper/scraper.py", line 229, in save_listing_to_csv
    writer.writerow(listing_data)
  File "/Library/Frameworks/Python.framework/Versions/3.11/lib/python3.11/csv.py", line 154, in writerow
    return self.writer.writerow(self._dict_to_list(rowdict))
                                ^^^^^^^^^^^^^^^^^^^^^^^^^^^
  File "/Library/Frameworks/Python.framework/Versions/3.11/lib/python3.11/csv.py", line 149, in _dict_to_list
    raise ValueError("dict contains fields not in fieldnames: "
ValueError: dict contains fields not in fieldnames: 'image_urls'
2025-06-19 09:09:06,118 [INFO] Attempting to close overlay by clicking the generic 'X' button.
2025-06-19 09:09:08,865 [INFO] Clicking on listing 'Apple iPhone 13 Mini 128 GB in Pink Carrier Unlocked QU8T in Delray Beach, FL' to open detail view.
2025-06-19 09:09:10,446 [INFO] ✅ Found valid new listing: 'Apple iPhone 13 Mini 128 GB in Pink Carrier Unlocked QU8T in Delray Beach, FL'
2025-06-19 09:09:10,464 [ERROR] Error processing listing 'Apple iPhone 13 Mini 128 GB in Pink Carrier Unlocked QU8T in Delray Beach, FL': dict contains fields not in fieldnames: 'image_urls'
Traceback (most recent call last):
  File "/Users/oyincode/Desktop/fb_marketplace_scraper/scraper.py", line 475, in scrape_marketplace
    save_listing_to_csv(output_file, listing_data)
  File "/Users/oyincode/Desktop/fb_marketplace_scraper/scraper.py", line 229, in save_listing_to_csv
    writer.writerow(listing_data)
  File "/Library/Frameworks/Python.framework/Versions/3.11/lib/python3.11/csv.py", line 154, in writerow
    return self.writer.writerow(self._dict_to_list(rowdict))
                                ^^^^^^^^^^^^^^^^^^^^^^^^^^^
  File "/Library/Frameworks/Python.framework/Versions/3.11/lib/python3.11/csv.py", line 149, in _dict_to_list
    raise ValueError("dict contains fields not in fieldnames: "
ValueError: dict contains fields not in fieldnames: 'image_urls'
2025-06-19 09:09:12,999 [WARNING] Retrying (Retry(total=2, connect=None, read=None, redirect=None, status=None)) after connection broken by 'ConnectionResetError(54, 'Connection reset by peer')': /session/9a0215c808d17f73f8cfd3dbde4b2a8b
2025-06-19 09:09:13,001 [WARNING] Retrying (Retry(total=1, connect=None, read=None, redirect=None, status=None)) after connection broken by 'NewConnectionError('<urllib3.connection.HTTPConnection object at 0x119bae310>: Failed to establish a new connection: [Errno 61] Connection refused')': /session/9a0215c808d17f73f8cfd3dbde4b2a8b
2025-06-19 09:09:13,003 [WARNING] Retrying (Retry(total=0, connect=None, read=None, redirect=None, status=None)) after connection broken by 'NewConnectionError('<urllib3.connection.HTTPConnection object at 0x119baf450>: Failed to establish a new connection: [Errno 61] Connection refused')': /session/9a0215c808d17f73f8cfd3dbde4b2a8b
2025-06-19 09:09:13,008 [INFO] WebDriver closed.
2025-06-19 09:13:57,873 [INFO] Setting up ChromeDriver...
2025-06-19 09:13:57,874 [INFO] ====== WebDriver manager ======
2025-06-19 09:13:58,037 [INFO] Get LATEST chromedriver version for google-chrome
2025-06-19 09:13:58,534 [INFO] Get LATEST chromedriver version for google-chrome
2025-06-19 09:13:59,014 [INFO] Driver [/Users/oyincode/.wdm/drivers/chromedriver/mac64/137.0.7151.119/chromedriver-mac-arm64/THIRD_PARTY_NOTICES.chromedriver] found in cache
2025-06-19 09:13:59,015 [INFO] WebDriver Manager initially found driver at: /Users/oyincode/.wdm/drivers/chromedriver/mac64/137.0.7151.119/chromedriver-mac-arm64/THIRD_PARTY_NOTICES.chromedriver
2025-06-19 09:13:59,015 [WARNING] Incorrect driver path detected. Correcting path to: /Users/oyincode/.wdm/drivers/chromedriver/mac64/137.0.7151.119/chromedriver-mac-arm64/chromedriver
2025-06-19 09:13:59,015 [INFO] Setting executable permissions for: /Users/oyincode/.wdm/drivers/chromedriver/mac64/137.0.7151.119/chromedriver-mac-arm64/chromedriver
2025-06-19 09:14:00,343 [INFO] ChromeDriver and WebDriver initialized successfully.
2025-06-19 09:14:00,343 [INFO] Running in 'specific' mode for location 'miami' and term 'iphone 13'.
2025-06-19 09:14:00,343 [INFO] Scraping for listings newer than: 1 day
2025-06-19 09:14:00,343 [INFO] Navigating to URL for search term 'iphone 13' in 'miami': https://www.facebook.com/marketplace/miami/search/?query=iphone%2013&sortBy=creation_time_descend&deliveryMethod=local_only
2025-06-19 09:14:06,447 [INFO] Attempting to close dialog by clicking its 'X' button.
2025-06-19 09:14:07,459 [INFO] Scrolling to load listings...
2025-06-19 09:14:13,507 [INFO] Found and hid the persistent login popup overlay.
2025-06-19 09:14:16,524 [INFO] Found and hid the persistent login popup overlay.
2025-06-19 09:14:16,538 [INFO] Found 45 potential listings for 'iphone 13'. Starting processing...
2025-06-19 09:14:16,568 [INFO] Clicking on listing 'iPhone 13 Pro Max unlocked 5S36 in Pompano Beach, FL' to open detail view.
2025-06-19 09:14:17,595 [ERROR] Error processing listing 'iPhone 13 Pro Max unlocked 5S36 in Pompano Beach, FL': Message: element click intercepted: Element <a class="x1i10hfl xjbqb8w x1ejq31n x18oe1m7 x1sy0etr xstzfhl x972fbf x10w94by x1qhh985 x14e42zd x9f619 x1ypdohk xt0psk2 xe8uvvx xdj266r x14z9mp xat24cr x1lziwak xexx8yu xyri2b x18d9i69 x1c1uobl x16tdsg8 x1hl2dhg xggy1nq x1a2a7pz x1heor9g xkrqix3 x1sur9pj x1s688f x1lku1pv" href="/marketplace/item/2068786360275552/?ref=search&amp;referral_code=null&amp;referral_story_type=post&amp;__tn__=!%3AD" role="link" tabindex="0">...</a> is not clickable at point (525, 176). Other element would receive the click: <div class="__fb-light-mode x1qjc9v5 x9f619 x78zum5 xdt5ytf xl56j7k x1c4vz4f xg6iff7">...</div>
  (Session info: chrome=137.0.7151.105)
Stacktrace:
0   chromedriver                        0x00000001012a5d14 cxxbridge1$str$ptr + 2735276
1   chromedriver                        0x000000010129df88 cxxbridge1$str$ptr + 2703136
2   chromedriver                        0x0000000100dee6f0 cxxbridge1$string$len + 90424
3   chromedriver                        0x0000000100e3b544 cxxbridge1$string$len + 405388
4   chromedriver                        0x0000000100e39ab0 cxxbridge1$string$len + 398584
5   chromedriver                        0x0000000100e378c4 cxxbridge1$string$len + 389900
6   chromedriver                        0x0000000100e36cc0 cxxbridge1$string$len + 386824
7   chromedriver                        0x0000000100e2b728 cxxbridge1$string$len + 340336
8   chromedriver                        0x0000000100e2b1b4 cxxbridge1$string$len + 338940
9   chromedriver                        0x0000000100e770c8 cxxbridge1$string$len + 650000
10  chromedriver                        0x0000000100e29be8 cxxbridge1$string$len + 333360
11  chromedriver                        0x0000000101269598 cxxbridge1$str$ptr + 2487600
12  chromedriver                        0x000000010126c830 cxxbridge1$str$ptr + 2500552
13  chromedriver                        0x0000000101249c14 cxxbridge1$str$ptr + 2358188
14  chromedriver                        0x000000010126d0b8 cxxbridge1$str$ptr + 2502736
15  chromedriver                        0x000000010123adec cxxbridge1$str$ptr + 2297220
16  chromedriver                        0x000000010128d420 cxxbridge1$str$ptr + 2634680
17  chromedriver                        0x000000010128d5ac cxxbridge1$str$ptr + 2635076
18  chromedriver                        0x000000010129dbd4 cxxbridge1$str$ptr + 2702188
19  libsystem_pthread.dylib             0x0000000185f92034 _pthread_start + 136
20  libsystem_pthread.dylib             0x0000000185f8ce3c thread_start + 8
Traceback (most recent call last):
  File "/Users/oyincode/Desktop/fb_marketplace_scraper/scraper.py", line 438, in scrape_marketplace
    listing_element.click()
  File "/Users/oyincode/Desktop/fb_marketplace_scraper/scraper/lib/python3.11/site-packages/selenium/webdriver/remote/webelement.py", line 93, in click
    self._execute(Command.CLICK_ELEMENT)
  File "/Users/oyincode/Desktop/fb_marketplace_scraper/scraper/lib/python3.11/site-packages/selenium/webdriver/remote/webelement.py", line 394, in _execute
    return self._parent.execute(command, params)
           ^^^^^^^^^^^^^^^^^^^^^^^^^^^^^^^^^^^^^
  File "/Users/oyincode/Desktop/fb_marketplace_scraper/scraper/lib/python3.11/site-packages/selenium/webdriver/remote/webdriver.py", line 347, in execute
    self.error_handler.check_response(response)
  File "/Users/oyincode/Desktop/fb_marketplace_scraper/scraper/lib/python3.11/site-packages/selenium/webdriver/remote/errorhandler.py", line 229, in check_response
    raise exception_class(message, screen, stacktrace)
selenium.common.exceptions.ElementClickInterceptedException: Message: element click intercepted: Element <a class="x1i10hfl xjbqb8w x1ejq31n x18oe1m7 x1sy0etr xstzfhl x972fbf x10w94by x1qhh985 x14e42zd x9f619 x1ypdohk xt0psk2 xe8uvvx xdj266r x14z9mp xat24cr x1lziwak xexx8yu xyri2b x18d9i69 x1c1uobl x16tdsg8 x1hl2dhg xggy1nq x1a2a7pz x1heor9g xkrqix3 x1sur9pj x1s688f x1lku1pv" href="/marketplace/item/2068786360275552/?ref=search&amp;referral_code=null&amp;referral_story_type=post&amp;__tn__=!%3AD" role="link" tabindex="0">...</a> is not clickable at point (525, 176). Other element would receive the click: <div class="__fb-light-mode x1qjc9v5 x9f619 x78zum5 xdt5ytf xl56j7k x1c4vz4f xg6iff7">...</div>
  (Session info: chrome=137.0.7151.105)
Stacktrace:
0   chromedriver                        0x00000001012a5d14 cxxbridge1$str$ptr + 2735276
1   chromedriver                        0x000000010129df88 cxxbridge1$str$ptr + 2703136
2   chromedriver                        0x0000000100dee6f0 cxxbridge1$string$len + 90424
3   chromedriver                        0x0000000100e3b544 cxxbridge1$string$len + 405388
4   chromedriver                        0x0000000100e39ab0 cxxbridge1$string$len + 398584
5   chromedriver                        0x0000000100e378c4 cxxbridge1$string$len + 389900
6   chromedriver                        0x0000000100e36cc0 cxxbridge1$string$len + 386824
7   chromedriver                        0x0000000100e2b728 cxxbridge1$string$len + 340336
8   chromedriver                        0x0000000100e2b1b4 cxxbridge1$string$len + 338940
9   chromedriver                        0x0000000100e770c8 cxxbridge1$string$len + 650000
10  chromedriver                        0x0000000100e29be8 cxxbridge1$string$len + 333360
11  chromedriver                        0x0000000101269598 cxxbridge1$str$ptr + 2487600
12  chromedriver                        0x000000010126c830 cxxbridge1$str$ptr + 2500552
13  chromedriver                        0x0000000101249c14 cxxbridge1$str$ptr + 2358188
14  chromedriver                        0x000000010126d0b8 cxxbridge1$str$ptr + 2502736
15  chromedriver                        0x000000010123adec cxxbridge1$str$ptr + 2297220
16  chromedriver                        0x000000010128d420 cxxbridge1$str$ptr + 2634680
17  chromedriver                        0x000000010128d5ac cxxbridge1$str$ptr + 2635076
18  chromedriver                        0x000000010129dbd4 cxxbridge1$str$ptr + 2702188
19  libsystem_pthread.dylib             0x0000000185f92034 _pthread_start + 136
20  libsystem_pthread.dylib             0x0000000185f8ce3c thread_start + 8

2025-06-19 09:14:22,749 [WARNING] 'X' button not found or not clickable in time.
2025-06-19 09:14:22,765 [INFO] Found 'offline' overlay. Removing it completely from DOM.
2025-06-19 09:14:24,766 [INFO] Clicking on listing 'iphone 13 pro max unlocked 256GB M1K3 in Boca Raton, FL' to open detail view.
2025-06-19 09:14:27,881 [INFO] ✅ Found valid new listing: 'iphone 13 pro max unlocked 256GB M1K3 in Boca Raton, FL'
2025-06-19 09:14:31,054 [INFO] Attempting to close overlay by clicking the generic 'X' button.
2025-06-19 09:14:33,950 [INFO] Clicking on listing 'iPhone 13 Pro Max 128g UNLOCKED R3OA in Plantation, FL' to open detail view.
2025-06-19 09:14:35,532 [INFO] ✅ Found valid new listing: 'iPhone 13 Pro Max 128g UNLOCKED R3OA in Plantation, FL'
2025-06-19 09:14:38,681 [INFO] Attempting to close overlay by clicking the generic 'X' button.
2025-06-19 09:14:41,069 [INFO] Clicking on listing 'Apple iPhone 13 Mini 128 GB in Pink Carrier Unlocked QU8T in Delray Beach, FL' to open detail view.
2025-06-19 09:14:42,657 [INFO] ✅ Found valid new listing: 'Apple iPhone 13 Mini 128 GB in Pink Carrier Unlocked QU8T in Delray Beach, FL'
2025-06-19 09:14:45,818 [INFO] Attempting to close overlay by clicking the generic 'X' button.
2025-06-19 09:14:53,929 [INFO] Clicking on listing 'iPhone 13 Pro Silicone Case with MagSafe – Midnight in Greenacres, FL' to open detail view.
2025-06-19 09:14:54,952 [ERROR] Error processing listing 'iPhone 13 Pro Silicone Case with MagSafe – Midnight in Greenacres, FL': Message: element click intercepted: Element <a class="x1i10hfl xjbqb8w x1ejq31n x18oe1m7 x1sy0etr xstzfhl x972fbf x10w94by x1qhh985 x14e42zd x9f619 x1ypdohk xt0psk2 xe8uvvx xdj266r x14z9mp xat24cr x1lziwak xexx8yu xyri2b x18d9i69 x1c1uobl x16tdsg8 x1hl2dhg xggy1nq x1a2a7pz x1heor9g xkrqix3 x1sur9pj x1s688f x1lku1pv" href="/marketplace/item/1025025323170180/?ref=search&amp;referral_code=null&amp;referral_story_type=post&amp;__tn__=!%3AD" role="link" tabindex="0">...</a> is not clickable at point (525, 186). Other element would receive the click: <form action="https://web.facebook.com/login/device-based/regular/login/?login_attempt=1" id="login_popup_cta_form" method="POST" novalidate="">...</form>
  (Session info: chrome=137.0.7151.105)
Stacktrace:
0   chromedriver                        0x00000001012a5d14 cxxbridge1$str$ptr + 2735276
1   chromedriver                        0x000000010129df88 cxxbridge1$str$ptr + 2703136
2   chromedriver                        0x0000000100dee6f0 cxxbridge1$string$len + 90424
3   chromedriver                        0x0000000100e3b544 cxxbridge1$string$len + 405388
4   chromedriver                        0x0000000100e39ab0 cxxbridge1$string$len + 398584
5   chromedriver                        0x0000000100e378c4 cxxbridge1$string$len + 389900
6   chromedriver                        0x0000000100e36cc0 cxxbridge1$string$len + 386824
7   chromedriver                        0x0000000100e2b728 cxxbridge1$string$len + 340336
8   chromedriver                        0x0000000100e2b1b4 cxxbridge1$string$len + 338940
9   chromedriver                        0x0000000100e770c8 cxxbridge1$string$len + 650000
10  chromedriver                        0x0000000100e29be8 cxxbridge1$string$len + 333360
11  chromedriver                        0x0000000101269598 cxxbridge1$str$ptr + 2487600
12  chromedriver                        0x000000010126c830 cxxbridge1$str$ptr + 2500552
13  chromedriver                        0x0000000101249c14 cxxbridge1$str$ptr + 2358188
14  chromedriver                        0x000000010126d0b8 cxxbridge1$str$ptr + 2502736
15  chromedriver                        0x000000010123adec cxxbridge1$str$ptr + 2297220
16  chromedriver                        0x000000010128d420 cxxbridge1$str$ptr + 2634680
17  chromedriver                        0x000000010128d5ac cxxbridge1$str$ptr + 2635076
18  chromedriver                        0x000000010129dbd4 cxxbridge1$str$ptr + 2702188
19  libsystem_pthread.dylib             0x0000000185f92034 _pthread_start + 136
20  libsystem_pthread.dylib             0x0000000185f8ce3c thread_start + 8
Traceback (most recent call last):
  File "/Users/oyincode/Desktop/fb_marketplace_scraper/scraper.py", line 438, in scrape_marketplace
    listing_element.click()
  File "/Users/oyincode/Desktop/fb_marketplace_scraper/scraper/lib/python3.11/site-packages/selenium/webdriver/remote/webelement.py", line 93, in click
    self._execute(Command.CLICK_ELEMENT)
  File "/Users/oyincode/Desktop/fb_marketplace_scraper/scraper/lib/python3.11/site-packages/selenium/webdriver/remote/webelement.py", line 394, in _execute
    return self._parent.execute(command, params)
           ^^^^^^^^^^^^^^^^^^^^^^^^^^^^^^^^^^^^^
  File "/Users/oyincode/Desktop/fb_marketplace_scraper/scraper/lib/python3.11/site-packages/selenium/webdriver/remote/webdriver.py", line 347, in execute
    self.error_handler.check_response(response)
  File "/Users/oyincode/Desktop/fb_marketplace_scraper/scraper/lib/python3.11/site-packages/selenium/webdriver/remote/errorhandler.py", line 229, in check_response
    raise exception_class(message, screen, stacktrace)
selenium.common.exceptions.ElementClickInterceptedException: Message: element click intercepted: Element <a class="x1i10hfl xjbqb8w x1ejq31n x18oe1m7 x1sy0etr xstzfhl x972fbf x10w94by x1qhh985 x14e42zd x9f619 x1ypdohk xt0psk2 xe8uvvx xdj266r x14z9mp xat24cr x1lziwak xexx8yu xyri2b x18d9i69 x1c1uobl x16tdsg8 x1hl2dhg xggy1nq x1a2a7pz x1heor9g xkrqix3 x1sur9pj x1s688f x1lku1pv" href="/marketplace/item/1025025323170180/?ref=search&amp;referral_code=null&amp;referral_story_type=post&amp;__tn__=!%3AD" role="link" tabindex="0">...</a> is not clickable at point (525, 186). Other element would receive the click: <form action="https://web.facebook.com/login/device-based/regular/login/?login_attempt=1" id="login_popup_cta_form" method="POST" novalidate="">...</form>
  (Session info: chrome=137.0.7151.105)
Stacktrace:
0   chromedriver                        0x00000001012a5d14 cxxbridge1$str$ptr + 2735276
1   chromedriver                        0x000000010129df88 cxxbridge1$str$ptr + 2703136
2   chromedriver                        0x0000000100dee6f0 cxxbridge1$string$len + 90424
3   chromedriver                        0x0000000100e3b544 cxxbridge1$string$len + 405388
4   chromedriver                        0x0000000100e39ab0 cxxbridge1$string$len + 398584
5   chromedriver                        0x0000000100e378c4 cxxbridge1$string$len + 389900
6   chromedriver                        0x0000000100e36cc0 cxxbridge1$string$len + 386824
7   chromedriver                        0x0000000100e2b728 cxxbridge1$string$len + 340336
8   chromedriver                        0x0000000100e2b1b4 cxxbridge1$string$len + 338940
9   chromedriver                        0x0000000100e770c8 cxxbridge1$string$len + 650000
10  chromedriver                        0x0000000100e29be8 cxxbridge1$string$len + 333360
11  chromedriver                        0x0000000101269598 cxxbridge1$str$ptr + 2487600
12  chromedriver                        0x000000010126c830 cxxbridge1$str$ptr + 2500552
13  chromedriver                        0x0000000101249c14 cxxbridge1$str$ptr + 2358188
14  chromedriver                        0x000000010126d0b8 cxxbridge1$str$ptr + 2502736
15  chromedriver                        0x000000010123adec cxxbridge1$str$ptr + 2297220
16  chromedriver                        0x000000010128d420 cxxbridge1$str$ptr + 2634680
17  chromedriver                        0x000000010128d5ac cxxbridge1$str$ptr + 2635076
18  chromedriver                        0x000000010129dbd4 cxxbridge1$str$ptr + 2702188
19  libsystem_pthread.dylib             0x0000000185f92034 _pthread_start + 136
20  libsystem_pthread.dylib             0x0000000185f8ce3c thread_start + 8

2025-06-19 09:15:00,089 [WARNING] 'X' button not found or not clickable in time.
2025-06-19 09:15:00,095 [INFO] Found 'offline' overlay. Removing it completely from DOM.
2025-06-19 09:15:01,825 [INFO] Clicking on listing 'Apple iPhone 13 Pro Max 256 GB Unlocked CAX9 in Lauderdale Lakes, FL' to open detail view.
2025-06-19 09:15:03,927 [INFO] ✅ Found valid new listing: 'Apple iPhone 13 Pro Max 256 GB Unlocked CAX9 in Lauderdale Lakes, FL'
2025-06-19 09:15:07,081 [INFO] Attempting to close overlay by clicking the generic 'X' button.
2025-06-19 09:15:09,756 [INFO] Clicking on listing 'iPhone 13 Pro Max 256gb Sierra Blue Carrier Unlocked ZDV7 in Homestead, FL' to open detail view.
2025-06-19 09:15:11,337 [INFO] ✅ Found valid new listing: 'iPhone 13 Pro Max 256gb Sierra Blue Carrier Unlocked ZDV7 in Homestead, FL'
2025-06-19 09:15:14,494 [INFO] Attempting to close overlay by clicking the generic 'X' button.
2025-06-19 09:15:17,285 [INFO] Clicking on listing 'iPhone 13 CUL7 in Pembroke Pines, FL' to open detail view.
2025-06-19 09:15:18,869 [INFO] ✅ Found valid new listing: 'iPhone 13 CUL7 in Pembroke Pines, FL'
2025-06-19 09:15:22,017 [INFO] Attempting to close overlay by clicking the generic 'X' button.
2025-06-19 09:15:24,745 [INFO] Clicking on listing 'Apple iPhone 13 128GB (Unlocked) in Pompano Beach, FL' to open detail view.
2025-06-19 09:15:28,395 [INFO] ✅ Found valid new listing: 'Apple iPhone 13 128GB (Unlocked) in Pompano Beach, FL'
2025-06-19 09:15:31,565 [INFO] Attempting to close overlay by clicking the generic 'X' button.
2025-06-19 09:15:34,496 [INFO] Clicking on listing 'Iphone13 in Miami, FL' to open detail view.
2025-06-19 09:15:36,593 [INFO] ✅ Found valid new listing: 'Iphone13 in Miami, FL'
2025-06-19 09:15:39,762 [INFO] Attempting to close overlay by clicking the generic 'X' button.
2025-06-19 09:15:42,722 [INFO] Clicking on listing 'iPhone 13 in Miami, FL' to open detail view.
2025-06-19 09:15:44,291 [INFO] ✅ Found valid new listing: 'iPhone 13 in Miami, FL'
2025-06-19 09:15:47,434 [INFO] Attempting to close overlay by clicking the generic 'X' button.
2025-06-19 09:15:50,076 [INFO] Clicking on listing 'Unlocked iPhone 13 Pro Max 1 TB 100% battery grey in Sunrise, FL' to open detail view.
2025-06-19 09:15:51,644 [INFO] ✅ Found valid new listing: 'Unlocked iPhone 13 Pro Max 1 TB 100% battery grey in Sunrise, FL'
2025-06-19 09:15:54,815 [INFO] Attempting to close overlay by clicking the generic 'X' button.
2025-06-19 09:15:57,685 [INFO] Clicking on listing 'iPhone 13 Pro Max M5U8 in Lauderdale Lakes, FL' to open detail view.
2025-06-19 09:15:59,262 [INFO] ✅ Found valid new listing: 'iPhone 13 Pro Max M5U8 in Lauderdale Lakes, FL'
2025-06-19 09:16:02,406 [INFO] Attempting to close overlay by clicking the generic 'X' button.
2025-06-19 09:16:10,100 [WARNING] 'X' button not found or not clickable in time.
2025-06-19 09:16:10,115 [INFO] Attempting to close overlay by sending the ESCAPE key.
2025-06-19 09:16:13,131 [INFO] Clicking on listing 'Apple iPhone 13 128 GB in Blue FB7U in North Miami, FL' to open detail view.
2025-06-19 09:16:14,709 [INFO] ✅ Found valid new listing: 'Apple iPhone 13 128 GB in Blue FB7U in North Miami, FL'
2025-06-19 09:16:17,864 [INFO] Attempting to close overlay by clicking the generic 'X' button.
2025-06-19 09:16:20,546 [INFO] Clicking on listing 'iPhone 13 Green 128gb unlocked GREAT CONDITION ZF1B in Pompano Beach, FL' to open detail view.
2025-06-19 09:16:22,623 [INFO] ✅ Found valid new listing: 'iPhone 13 Green 128gb unlocked GREAT CONDITION ZF1B in Pompano Beach, FL'
2025-06-19 09:16:25,783 [INFO] Attempting to close overlay by clicking the generic 'X' button.
2025-06-19 09:16:28,052 [INFO] Clicking on listing 'Apple iPhone 13 Mini Midnight Unlocked Pristine Condition CQ6S in Hialeah, FL' to open detail view.
2025-06-19 09:16:29,626 [INFO] ✅ Found valid new listing: 'Apple iPhone 13 Mini Midnight Unlocked Pristine Condition CQ6S in Hialeah, FL'
2025-06-19 09:16:32,777 [INFO] Attempting to close overlay by clicking the generic 'X' button.
2025-06-19 09:16:40,470 [WARNING] 'X' button not found or not clickable in time.
2025-06-19 09:16:40,481 [INFO] Attempting to close overlay by sending the ESCAPE key.
2025-06-19 09:16:43,068 [INFO] Clicking on listing 'Apple iPhone 13 Pro 256 Gb unlocked N9F9 in Fort Lauderdale, FL' to open detail view.
2025-06-19 09:16:44,687 [INFO] ✅ Found valid new listing: 'Apple iPhone 13 Pro 256 Gb unlocked N9F9 in Fort Lauderdale, FL'
2025-06-19 09:16:47,844 [INFO] Attempting to close overlay by clicking the generic 'X' button.
2025-06-19 09:16:55,538 [WARNING] 'X' button not found or not clickable in time.
2025-06-19 09:16:55,549 [INFO] Attempting to close overlay by sending the ESCAPE key.
2025-06-19 09:16:57,761 [INFO] Clicking on listing 'Apple iPhone 13 mini 128gb Green All Carriers in Hollywood, FL' to open detail view.
2025-06-19 09:16:59,918 [INFO] ✅ Found valid new listing: 'Apple iPhone 13 mini 128gb Green All Carriers in Hollywood, FL'
2025-06-19 09:17:03,066 [INFO] Attempting to close overlay by clicking the generic 'X' button.
2025-06-19 09:17:05,628 [INFO] Clicking on listing 'Apple iPhone 13 Pro Max 128 GB in Sierra Blue for Unlocked HG6A in Fort Lauderdale, FL' to open detail view.
2025-06-19 09:17:07,183 [INFO] ✅ Found valid new listing: 'Apple iPhone 13 Pro Max 128 GB in Sierra Blue for Unlocked HG6A in Fort Lauderdale, FL'
2025-06-19 09:17:10,341 [INFO] Attempting to close overlay by clicking the generic 'X' button.
2025-06-19 09:17:12,760 [INFO] Clicking on listing 'Apple iPhone 13 Pro 128 GB in Graphite for Unlocked HJQ3 in Royal Palm Beach, FL' to open detail view.
2025-06-19 09:17:14,354 [INFO] ✅ Found valid new listing: 'Apple iPhone 13 Pro 128 GB in Graphite for Unlocked HJQ3 in Royal Palm Beach, FL'
2025-06-19 09:17:17,531 [INFO] Attempting to close overlay by clicking the generic 'X' button.
2025-06-19 09:17:20,114 [INFO] Clicking on listing 'IPHONE 13,13 Pro, 13 Max ,14 in Homestead, FL' to open detail view.
2025-06-19 09:17:41,708 [WARNING] Could not process listing 'IPHONE 13,13 Pro, 13 Max ,14 in Homestead, FL'. A required element was not found in time. Skipping. Error: Message: 
Stacktrace:
0   chromedriver                        0x00000001012a5d14 cxxbridge1$str$ptr + 2735276
1   chromedriver                        0x000000010129df88 cxxbridge1$str$ptr + 2703136
2   chromedriver                        0x0000000100dee6f0 cxxbridge1$string$len + 90424
3   chromedriver                        0x0000000100e359e0 cxxbridge1$string$len + 381992
4   chromedriver                        0x0000000100e770c8 cxxbridge1$string$len + 650000
5   chromedriver                        0x0000000100e29be8 cxxbridge1$string$len + 333360
6   chromedriver                        0x0000000101269598 cxxbridge1$str$ptr + 2487600
7   chromedriver                        0x000000010126c830 cxxbridge1$str$ptr + 2500552
8   chromedriver                        0x0000000101249c14 cxxbridge1$str$ptr + 2358188
9   chromedriver                        0x000000010126d0b8 cxxbridge1$str$ptr + 2502736
10  chromedriver                        0x000000010123adec cxxbridge1$str$ptr + 2297220
11  chromedriver                        0x000000010128d420 cxxbridge1$str$ptr + 2634680
12  chromedriver                        0x000000010128d5ac cxxbridge1$str$ptr + 2635076
13  chromedriver                        0x000000010129dbd4 cxxbridge1$str$ptr + 2702188
14  libsystem_pthread.dylib             0x0000000185f92034 _pthread_start + 136
15  libsystem_pthread.dylib             0x0000000185f8ce3c thread_start + 8

2025-06-19 09:17:44,875 [INFO] Attempting to close overlay by clicking the generic 'X' button.
2025-06-19 09:17:47,676 [INFO] Clicking on listing 'IPHONE 13,13 Pro, 13 Max ,14 in Homestead, FL' to open detail view.
2025-06-19 09:18:08,773 [WARNING] Could not process listing 'IPHONE 13,13 Pro, 13 Max ,14 in Homestead, FL'. A required element was not found in time. Skipping. Error: Message: 
Stacktrace:
0   chromedriver                        0x00000001012a5d14 cxxbridge1$str$ptr + 2735276
1   chromedriver                        0x000000010129df88 cxxbridge1$str$ptr + 2703136
2   chromedriver                        0x0000000100dee6f0 cxxbridge1$string$len + 90424
3   chromedriver                        0x0000000100e359e0 cxxbridge1$string$len + 381992
4   chromedriver                        0x0000000100e770c8 cxxbridge1$string$len + 650000
5   chromedriver                        0x0000000100e29be8 cxxbridge1$string$len + 333360
6   chromedriver                        0x0000000101269598 cxxbridge1$str$ptr + 2487600
7   chromedriver                        0x000000010126c830 cxxbridge1$str$ptr + 2500552
8   chromedriver                        0x0000000101249c14 cxxbridge1$str$ptr + 2358188
9   chromedriver                        0x000000010126d0b8 cxxbridge1$str$ptr + 2502736
10  chromedriver                        0x000000010123adec cxxbridge1$str$ptr + 2297220
11  chromedriver                        0x000000010128d420 cxxbridge1$str$ptr + 2634680
12  chromedriver                        0x000000010128d5ac cxxbridge1$str$ptr + 2635076
13  chromedriver                        0x000000010129dbd4 cxxbridge1$str$ptr + 2702188
14  libsystem_pthread.dylib             0x0000000185f92034 _pthread_start + 136
15  libsystem_pthread.dylib             0x0000000185f8ce3c thread_start + 8

2025-06-19 09:18:11,929 [INFO] Attempting to close overlay by clicking the generic 'X' button.
2025-06-19 09:18:14,144 [INFO] Clicking on listing 'Apple iPhone 13 mini 128GB unlocked white Battery health 85 RF5T in Lauderhill, FL' to open detail view.
2025-06-19 09:18:15,709 [INFO] ✅ Found valid new listing: 'Apple iPhone 13 mini 128GB unlocked white Battery health 85 RF5T in Lauderhill, FL'
2025-06-19 09:18:18,865 [INFO] Attempting to close overlay by clicking the generic 'X' button.
2025-06-19 09:18:21,392 [INFO] Clicking on listing 'Apple iPhone 13 E6JD in North Miami, FL' to open detail view.
2025-06-19 09:18:22,944 [INFO] ✅ Found valid new listing: 'Apple iPhone 13 E6JD in North Miami, FL'
2025-06-19 09:18:26,095 [INFO] Attempting to close overlay by clicking the generic 'X' button.
2025-06-19 09:18:28,653 [INFO] Clicking on listing 'iPhone 13 UNLOCKED in Dania Beach, FL' to open detail view.
2025-06-19 09:18:30,735 [INFO] ✅ Found valid new listing: 'iPhone 13 UNLOCKED in Dania Beach, FL'
2025-06-19 09:18:33,916 [INFO] Attempting to close overlay by clicking the generic 'X' button.
2025-06-19 09:18:36,992 [INFO] Clicking on listing 'iPhone 13 UNLOCKED in Dania Beach, FL' to open detail view.
2025-06-19 09:18:38,566 [INFO] ✅ Found valid new listing: 'iPhone 13 UNLOCKED in Dania Beach, FL'
2025-06-19 09:18:41,727 [INFO] Attempting to close overlay by clicking the generic 'X' button.
2025-06-19 09:18:44,154 [INFO] Clicking on listing 'iPhone 13 Pro 128 gb in Miami, FL' to open detail view.
2025-06-19 09:18:45,724 [INFO] ✅ Found valid new listing: 'iPhone 13 Pro 128 gb in Miami, FL'
2025-06-19 09:18:48,872 [INFO] Attempting to close overlay by clicking the generic 'X' button.
2025-06-19 09:18:51,067 [INFO] Clicking on listing 'iphone13 pro max phone unlocked T5JF in Fort Lauderdale, FL' to open detail view.
2025-06-19 09:18:52,643 [INFO] ✅ Found valid new listing: 'iphone13 pro max phone unlocked T5JF in Fort Lauderdale, FL'
2025-06-19 09:18:55,803 [INFO] Attempting to close overlay by clicking the generic 'X' button.
2025-06-19 09:18:58,155 [INFO] Clicking on listing 'Unlocked IPhone 13 Midnight DC1Q in Miami, FL' to open detail view.
2025-06-19 09:19:00,249 [INFO] ✅ Found valid new listing: 'Unlocked IPhone 13 Midnight DC1Q in Miami, FL'
2025-06-19 09:19:03,415 [INFO] Attempting to close overlay by clicking the generic 'X' button.
2025-06-19 09:19:06,232 [INFO] Clicking on listing 'iPhone 13 Pro Max K8MO in Miami, FL' to open detail view.
2025-06-19 09:19:21,104 [INFO] ✅ Found valid new listing: 'iPhone 13 Pro Max K8MO in Miami, FL'
2025-06-19 09:19:24,257 [INFO] Attempting to close overlay by clicking the generic 'X' button.
2025-06-19 09:19:27,072 [INFO] Clicking on listing 'iPhone 13 ( Unlocked) Good Battery 128gb Black Color in Hollywood, FL' to open detail view.
2025-06-19 09:19:28,641 [INFO] ✅ Found valid new listing: 'iPhone 13 ( Unlocked) Good Battery 128gb Black Color in Hollywood, FL'
2025-06-19 09:19:31,788 [INFO] Attempting to close overlay by clicking the generic 'X' button.
2025-06-19 09:19:34,864 [INFO] Clicking on listing 'iPhone 13 in West Palm Beach, FL' to open detail view.
2025-06-19 09:19:34,937 [ERROR] An unexpected error occurred during scraping for 'iphone 13': ('Connection aborted.', ConnectionResetError(54, 'Connection reset by peer'))
Traceback (most recent call last):
  File "/Users/oyincode/Desktop/fb_marketplace_scraper/scraper.py", line 441, in scrape_marketplace
    WebDriverWait(driver, timeout).until(
  File "/Users/oyincode/Desktop/fb_marketplace_scraper/scraper/lib/python3.11/site-packages/selenium/webdriver/support/wait.py", line 98, in until
    time.sleep(self._poll)
KeyboardInterrupt

During handling of the above exception, another exception occurred:

Traceback (most recent call last):
  File "/Users/oyincode/Desktop/fb_marketplace_scraper/scraper/lib/python3.11/site-packages/urllib3/connectionpool.py", line 787, in urlopen
    response = self._make_request(
               ^^^^^^^^^^^^^^^^^^^
  File "/Users/oyincode/Desktop/fb_marketplace_scraper/scraper/lib/python3.11/site-packages/urllib3/connectionpool.py", line 534, in _make_request
    response = conn.getresponse()
               ^^^^^^^^^^^^^^^^^^
  File "/Users/oyincode/Desktop/fb_marketplace_scraper/scraper/lib/python3.11/site-packages/urllib3/connection.py", line 516, in getresponse
    httplib_response = super().getresponse()
                       ^^^^^^^^^^^^^^^^^^^^^
  File "/Library/Frameworks/Python.framework/Versions/3.11/lib/python3.11/http/client.py", line 1374, in getresponse
    response.begin()
  File "/Library/Frameworks/Python.framework/Versions/3.11/lib/python3.11/http/client.py", line 318, in begin
    version, status, reason = self._read_status()
                              ^^^^^^^^^^^^^^^^^^^
  File "/Library/Frameworks/Python.framework/Versions/3.11/lib/python3.11/http/client.py", line 279, in _read_status
    line = str(self.fp.readline(_MAXLINE + 1), "iso-8859-1")
               ^^^^^^^^^^^^^^^^^^^^^^^^^^^^^^
  File "/Library/Frameworks/Python.framework/Versions/3.11/lib/python3.11/socket.py", line 705, in readinto
    return self._sock.recv_into(b)
           ^^^^^^^^^^^^^^^^^^^^^^^
ConnectionResetError: [Errno 54] Connection reset by peer

During handling of the above exception, another exception occurred:

Traceback (most recent call last):
  File "/Users/oyincode/Desktop/fb_marketplace_scraper/scraper.py", line 493, in scrape_marketplace
    close_overlays_and_popups(driver)
  File "/Users/oyincode/Desktop/fb_marketplace_scraper/scraper.py", line 154, in close_overlays_and_popups
    close_button = WebDriverWait(driver, 3).until(
                   ^^^^^^^^^^^^^^^^^^^^^^^^^^^^^^^
  File "/Users/oyincode/Desktop/fb_marketplace_scraper/scraper/lib/python3.11/site-packages/selenium/webdriver/support/wait.py", line 92, in until
    value = method(self._driver)
            ^^^^^^^^^^^^^^^^^^^^
  File "/Users/oyincode/Desktop/fb_marketplace_scraper/scraper/lib/python3.11/site-packages/selenium/webdriver/support/expected_conditions.py", line 355, in _predicate
    target = driver.find_element(*target)  # grab element at locator
             ^^^^^^^^^^^^^^^^^^^^^^^^^^^^
  File "/Users/oyincode/Desktop/fb_marketplace_scraper/scraper/lib/python3.11/site-packages/selenium/webdriver/remote/webdriver.py", line 741, in find_element
    return self.execute(Command.FIND_ELEMENT, {"using": by, "value": value})["value"]
           ^^^^^^^^^^^^^^^^^^^^^^^^^^^^^^^^^^^^^^^^^^^^^^^^^^^^^^^^^^^^^^^^^
  File "/Users/oyincode/Desktop/fb_marketplace_scraper/scraper/lib/python3.11/site-packages/selenium/webdriver/remote/webdriver.py", line 345, in execute
    response = self.command_executor.execute(driver_command, params)
               ^^^^^^^^^^^^^^^^^^^^^^^^^^^^^^^^^^^^^^^^^^^^^^^^^^^^^
  File "/Users/oyincode/Desktop/fb_marketplace_scraper/scraper/lib/python3.11/site-packages/selenium/webdriver/remote/remote_connection.py", line 300, in execute
    return self._request(command_info[0], url, body=data)
           ^^^^^^^^^^^^^^^^^^^^^^^^^^^^^^^^^^^^^^^^^^^^^^
  File "/Users/oyincode/Desktop/fb_marketplace_scraper/scraper/lib/python3.11/site-packages/selenium/webdriver/remote/remote_connection.py", line 321, in _request
    response = self._conn.request(method, url, body=body, headers=headers)
               ^^^^^^^^^^^^^^^^^^^^^^^^^^^^^^^^^^^^^^^^^^^^^^^^^^^^^^^^^^^
  File "/Users/oyincode/Desktop/fb_marketplace_scraper/scraper/lib/python3.11/site-packages/urllib3/_request_methods.py", line 143, in request
    return self.request_encode_body(
           ^^^^^^^^^^^^^^^^^^^^^^^^^
  File "/Users/oyincode/Desktop/fb_marketplace_scraper/scraper/lib/python3.11/site-packages/urllib3/_request_methods.py", line 278, in request_encode_body
    return self.urlopen(method, url, **extra_kw)
           ^^^^^^^^^^^^^^^^^^^^^^^^^^^^^^^^^^^^^
  File "/Users/oyincode/Desktop/fb_marketplace_scraper/scraper/lib/python3.11/site-packages/urllib3/poolmanager.py", line 443, in urlopen
    response = conn.urlopen(method, u.request_uri, **kw)
               ^^^^^^^^^^^^^^^^^^^^^^^^^^^^^^^^^^^^^^^^^
  File "/Users/oyincode/Desktop/fb_marketplace_scraper/scraper/lib/python3.11/site-packages/urllib3/connectionpool.py", line 841, in urlopen
    retries = retries.increment(
              ^^^^^^^^^^^^^^^^^^
  File "/Users/oyincode/Desktop/fb_marketplace_scraper/scraper/lib/python3.11/site-packages/urllib3/util/retry.py", line 474, in increment
    raise reraise(type(error), error, _stacktrace)
          ^^^^^^^^^^^^^^^^^^^^^^^^^^^^^^^^^^^^^^^^
  File "/Users/oyincode/Desktop/fb_marketplace_scraper/scraper/lib/python3.11/site-packages/urllib3/util/util.py", line 38, in reraise
    raise value.with_traceback(tb)
  File "/Users/oyincode/Desktop/fb_marketplace_scraper/scraper/lib/python3.11/site-packages/urllib3/connectionpool.py", line 787, in urlopen
    response = self._make_request(
               ^^^^^^^^^^^^^^^^^^^
  File "/Users/oyincode/Desktop/fb_marketplace_scraper/scraper/lib/python3.11/site-packages/urllib3/connectionpool.py", line 534, in _make_request
    response = conn.getresponse()
               ^^^^^^^^^^^^^^^^^^
  File "/Users/oyincode/Desktop/fb_marketplace_scraper/scraper/lib/python3.11/site-packages/urllib3/connection.py", line 516, in getresponse
    httplib_response = super().getresponse()
                       ^^^^^^^^^^^^^^^^^^^^^
  File "/Library/Frameworks/Python.framework/Versions/3.11/lib/python3.11/http/client.py", line 1374, in getresponse
    response.begin()
  File "/Library/Frameworks/Python.framework/Versions/3.11/lib/python3.11/http/client.py", line 318, in begin
    version, status, reason = self._read_status()
                              ^^^^^^^^^^^^^^^^^^^
  File "/Library/Frameworks/Python.framework/Versions/3.11/lib/python3.11/http/client.py", line 279, in _read_status
    line = str(self.fp.readline(_MAXLINE + 1), "iso-8859-1")
               ^^^^^^^^^^^^^^^^^^^^^^^^^^^^^^
  File "/Library/Frameworks/Python.framework/Versions/3.11/lib/python3.11/socket.py", line 705, in readinto
    return self._sock.recv_into(b)
           ^^^^^^^^^^^^^^^^^^^^^^^
urllib3.exceptions.ProtocolError: ('Connection aborted.', ConnectionResetError(54, 'Connection reset by peer'))
2025-06-19 09:19:34,945 [INFO] Scraping run finished. Found 27 new listings.
2025-06-19 09:19:34,945 [WARNING] Retrying (Retry(total=2, connect=None, read=None, redirect=None, status=None)) after connection broken by 'NewConnectionError('<urllib3.connection.HTTPConnection object at 0x106cdfed0>: Failed to establish a new connection: [Errno 61] Connection refused')': /session/e273342ce7a59dc3d05c163ea5729a8e
2025-06-19 09:19:34,946 [WARNING] Retrying (Retry(total=1, connect=None, read=None, redirect=None, status=None)) after connection broken by 'NewConnectionError('<urllib3.connection.HTTPConnection object at 0x1089559d0>: Failed to establish a new connection: [Errno 61] Connection refused')': /session/e273342ce7a59dc3d05c163ea5729a8e
2025-06-19 09:19:34,946 [WARNING] Retrying (Retry(total=0, connect=None, read=None, redirect=None, status=None)) after connection broken by 'NewConnectionError('<urllib3.connection.HTTPConnection object at 0x108956150>: Failed to establish a new connection: [Errno 61] Connection refused')': /session/e273342ce7a59dc3d05c163ea5729a8e
2025-06-19 09:19:34,948 [INFO] WebDriver closed.
